2024-10-25 13:02:34,154 INFO  BiliBiliDanmujiApplication:55 -Starting BiliBiliDanmujiApplication using Java 1.8.0_342 on fb265c7853e1 with PID 7 (/danmuji/danmuji.jar started by root in /danmuji)
2024-10-25 13:02:34,192 INFO  BiliBiliDanmujiApplication:645 -No active profile set, falling back to 1 default profile: "default"
2024-10-25 13:02:38,533 INFO  TomcatWebServer:108 -Tomcat initialized with port(s): 23333 (http)
2024-10-25 13:02:38,604 INFO  Http11NioProtocol:173 -Initializing ProtocolHandler ["http-nio-23333"]
2024-10-25 13:02:38,607 INFO  StandardService:173 -Starting service [Tomcat]
2024-10-25 13:02:38,609 INFO  StandardEngine:173 -Starting Servlet engine: [Apache Tomcat/9.0.63]
2024-10-25 13:02:38,892 INFO  [/]:173 -Initializing Spring embedded WebApplicationContext
2024-10-25 13:02:38,894 INFO  ServletWebServerApplicationContext:290 -Root WebApplicationContext: initialization completed in 4489 ms
2024-10-25 13:02:42,796 INFO  HttpUserData:311 -未登录，请登录:{"msg":"请先登录","code":-500,"data":[],"message":"请先登录"}
2024-10-25 13:02:43,138 INFO  DanmujiInitService:120 -读取配置文件成功
2024-10-25 13:02:43,364 INFO  WelcomePageHandlerMapping:57 -Adding welcome page template: index
2024-10-25 13:02:43,953 INFO  Http11NioProtocol:173 -Starting ProtocolHandler ["http-nio-23333"]
2024-10-25 13:02:44,015 INFO  TomcatWebServer:220 -Tomcat started on port(s): 23333 (http) with context path ''
2024-10-25 13:02:44,078 INFO  BiliBiliDanmujiApplication:61 -Started BiliBiliDanmujiApplication in 12.338 seconds (JVM running for 15.876)
2024-10-25 13:02:45,150 ERROR SetServiceImpl:99 -自动打开浏览器错误: 错误信息为: 
java.io.IOException: Cannot run program "xdg-open": error=2, No such file or directory
	at java.lang.ProcessBuilder.start(ProcessBuilder.java:1048) ~[?:1.8.0_342]
	at java.lang.Runtime.exec(Runtime.java:621) ~[?:1.8.0_342]
	at java.lang.Runtime.exec(Runtime.java:451) ~[?:1.8.0_342]
	at java.lang.Runtime.exec(Runtime.java:348) ~[?:1.8.0_342]
	at xyz.acproject.danmuji.service.impl.SetServiceImpl.init(SetServiceImpl.java:91) ~[classes!/:?]
	at xyz.acproject.danmuji.BiliBiliDanmujiApplication.run(BiliBiliDanmujiApplication.java:30) ~[classes!/:?]
	at org.springframework.boot.SpringApplication.callRunner(SpringApplication.java:782) ~[spring-boot-2.6.8.jar!/:2.6.8]
	at org.springframework.boot.SpringApplication.callRunners(SpringApplication.java:766) ~[spring-boot-2.6.8.jar!/:2.6.8]
	at org.springframework.boot.SpringApplication.run(SpringApplication.java:314) ~[spring-boot-2.6.8.jar!/:2.6.8]
	at org.springframework.boot.SpringApplication.run(SpringApplication.java:1317) ~[spring-boot-2.6.8.jar!/:2.6.8]
	at org.springframework.boot.SpringApplication.run(SpringApplication.java:1306) ~[spring-boot-2.6.8.jar!/:2.6.8]
	at xyz.acproject.danmuji.BiliBiliDanmujiApplication.main(BiliBiliDanmujiApplication.java:24) ~[classes!/:?]
	at sun.reflect.NativeMethodAccessorImpl.invoke0(Native Method) ~[?:1.8.0_342]
	at sun.reflect.NativeMethodAccessorImpl.invoke(NativeMethodAccessorImpl.java:62) ~[?:1.8.0_342]
	at sun.reflect.DelegatingMethodAccessorImpl.invoke(DelegatingMethodAccessorImpl.java:43) ~[?:1.8.0_342]
	at java.lang.reflect.Method.invoke(Method.java:498) ~[?:1.8.0_342]
	at org.springframework.boot.loader.MainMethodRunner.run(MainMethodRunner.java:49) ~[danmuji.jar:?]
	at org.springframework.boot.loader.Launcher.launch(Launcher.java:108) ~[danmuji.jar:?]
	at org.springframework.boot.loader.Launcher.launch(Launcher.java:58) ~[danmuji.jar:?]
	at org.springframework.boot.loader.JarLauncher.main(JarLauncher.java:88) ~[danmuji.jar:?]
Caused by: java.io.IOException: error=2, No such file or directory
	at java.lang.UNIXProcess.forkAndExec(Native Method) ~[?:1.8.0_342]
	at java.lang.UNIXProcess.<init>(UNIXProcess.java:247) ~[?:1.8.0_342]
	at java.lang.ProcessImpl.start(ProcessImpl.java:134) ~[?:1.8.0_342]
	at java.lang.ProcessBuilder.start(ProcessBuilder.java:1029) ~[?:1.8.0_342]
	... 19 more
2024-10-25 13:04:10,603 INFO  [/]:173 -Initializing Spring DispatcherServlet 'dispatcherServlet'
2024-10-25 13:04:10,610 INFO  DispatcherServlet:525 -Initializing Servlet 'dispatcherServlet'
2024-10-25 13:04:10,622 INFO  DispatcherServlet:547 -Completed initialization in 9 ms
2024-10-25 13:11:32,470 INFO  BiliBiliDanmujiApplication:55 -Starting BiliBiliDanmujiApplication using Java 1.8.0_342 on 16fa4e634b0b with PID 7 (/danmuji/danmuji.jar started by root in /danmuji)
2024-10-25 13:11:32,821 INFO  BiliBiliDanmujiApplication:645 -No active profile set, falling back to 1 default profile: "default"
2024-10-25 13:12:46,651 INFO  TomcatWebServer:108 -Tomcat initialized with port(s): 23333 (http)
2024-10-25 13:12:48,663 INFO  Http11NioProtocol:173 -Initializing ProtocolHandler ["http-nio-23333"]
2024-10-25 13:12:48,760 INFO  StandardService:173 -Starting service [Tomcat]
2024-10-25 13:12:48,786 INFO  StandardEngine:173 -Starting Servlet engine: [Apache Tomcat/9.0.63]
2024-10-25 13:12:54,126 INFO  [/]:173 -Initializing Spring embedded WebApplicationContext
2024-10-25 13:12:54,127 INFO  ServletWebServerApplicationContext:290 -Root WebApplicationContext: initialization completed in 79211 ms
2024-10-25 13:14:18,885 INFO  HttpUserData:311 -未登录，请登录:{"msg":"请先登录","code":-500,"data":[],"message":"请先登录"}
2024-10-25 13:14:22,703 INFO  DanmujiInitService:120 -读取配置文件成功
2024-10-25 13:14:25,549 INFO  WelcomePageHandlerMapping:57 -Adding welcome page template: index
2024-10-25 13:14:34,243 INFO  Http11NioProtocol:173 -Starting ProtocolHandler ["http-nio-23333"]
2024-10-25 13:14:35,239 INFO  TomcatWebServer:220 -Tomcat started on port(s): 23333 (http) with context path ''
2024-10-25 13:14:36,276 INFO  BiliBiliDanmujiApplication:61 -Started BiliBiliDanmujiApplication in 200.88 seconds (JVM running for 238.263)
2024-10-25 13:14:37,871 ERROR SetServiceImpl:99 -自动打开浏览器错误: 错误信息为: 
java.io.IOException: Cannot run program "xdg-open": error=2, No such file or directory
	at java.lang.ProcessBuilder.start(ProcessBuilder.java:1048) ~[?:1.8.0_342]
	at java.lang.Runtime.exec(Runtime.java:621) ~[?:1.8.0_342]
	at java.lang.Runtime.exec(Runtime.java:451) ~[?:1.8.0_342]
	at java.lang.Runtime.exec(Runtime.java:348) ~[?:1.8.0_342]
	at xyz.acproject.danmuji.service.impl.SetServiceImpl.init(SetServiceImpl.java:91) ~[classes!/:?]
	at xyz.acproject.danmuji.BiliBiliDanmujiApplication.run(BiliBiliDanmujiApplication.java:30) ~[classes!/:?]
	at org.springframework.boot.SpringApplication.callRunner(SpringApplication.java:782) ~[spring-boot-2.6.8.jar!/:2.6.8]
	at org.springframework.boot.SpringApplication.callRunners(SpringApplication.java:766) ~[spring-boot-2.6.8.jar!/:2.6.8]
	at org.springframework.boot.SpringApplication.run(SpringApplication.java:314) ~[spring-boot-2.6.8.jar!/:2.6.8]
	at org.springframework.boot.SpringApplication.run(SpringApplication.java:1317) ~[spring-boot-2.6.8.jar!/:2.6.8]
	at org.springframework.boot.SpringApplication.run(SpringApplication.java:1306) ~[spring-boot-2.6.8.jar!/:2.6.8]
	at xyz.acproject.danmuji.BiliBiliDanmujiApplication.main(BiliBiliDanmujiApplication.java:24) ~[classes!/:?]
	at sun.reflect.NativeMethodAccessorImpl.invoke0(Native Method) ~[?:1.8.0_342]
	at sun.reflect.NativeMethodAccessorImpl.invoke(NativeMethodAccessorImpl.java:62) ~[?:1.8.0_342]
	at sun.reflect.DelegatingMethodAccessorImpl.invoke(DelegatingMethodAccessorImpl.java:43) ~[?:1.8.0_342]
	at java.lang.reflect.Method.invoke(Method.java:498) ~[?:1.8.0_342]
	at org.springframework.boot.loader.MainMethodRunner.run(MainMethodRunner.java:49) ~[danmuji.jar:?]
	at org.springframework.boot.loader.Launcher.launch(Launcher.java:108) ~[danmuji.jar:?]
	at org.springframework.boot.loader.Launcher.launch(Launcher.java:58) ~[danmuji.jar:?]
	at org.springframework.boot.loader.JarLauncher.main(JarLauncher.java:88) ~[danmuji.jar:?]
Caused by: java.io.IOException: error=2, No such file or directory
	at java.lang.UNIXProcess.forkAndExec(Native Method) ~[?:1.8.0_342]
	at java.lang.UNIXProcess.<init>(UNIXProcess.java:247) ~[?:1.8.0_342]
	at java.lang.ProcessImpl.start(ProcessImpl.java:134) ~[?:1.8.0_342]
	at java.lang.ProcessBuilder.start(ProcessBuilder.java:1029) ~[?:1.8.0_342]
	... 19 more
