2024-10-28 09:17:05,258 ERROR HttpOtherData:59 -java.lang.NullPointerException
2024-10-28 09:17:05,276 ERROR HttpOtherData:61 -请求服务器超时，获取最新版本失败
2024-10-28 09:17:44,038 INFO  CurrencyTools:412 -用户cookie装载成功
2024-10-28 09:17:44,368 INFO  HttpUserData:397 -获取本房间可发送弹幕长度+是否是管理员 成功
2024-10-28 09:17:44,385 INFO  HttpUserData:237 -扫码登录成功
2024-10-28 09:17:44,834 INFO  HttpUserData:309 -已经登录，获取信息成功
2024-10-28 09:17:44,863 INFO  DanmujiInitService:120 -读取配置文件成功
2024-10-28 09:18:03,366 ERROR HttpOtherData:59 -java.lang.NullPointerException
2024-10-28 09:18:03,373 ERROR HttpOtherData:61 -请求服务器超时，获取最新版本失败
2024-10-28 09:18:08,552 INFO  SetServiceImpl:302 -用户退出成功
2024-10-28 09:19:10,874 INFO  Websocket:58 -websocket connect close(连接已经断开)，纠错码:1006
2024-10-28 09:19:10,878 ERROR Websocket:84 -[错误信息，请将log文件下的日志发送给管理员]websocket connect error,message:null
2024-10-28 09:19:10,880 INFO  Websocket:85 -尝试重新链接
2024-10-28 09:19:22,028 INFO  CurrencyTools:68 -获取破站弹幕服务器websocket地址：wss://hw-sg-live-comet-03.chat.bilibili.com:2245/sub
2024-10-28 09:19:22,031 INFO  Websocket:29 -已尝试连接至服务器地址:wss://hw-sg-live-comet-03.chat.bilibili.com:2245/sub;真实房间号为:32798493;主播名字为:雨落魔法师
2024-10-28 09:19:22,032 INFO  WebSocketProxy:23 -Connectin(连接中)...........................................
2024-10-28 09:19:23,329 INFO  Websocket:36 -websocket connect open(连接窗口打开)
2024-10-28 09:19:23,330 INFO  WebSocketProxy:26 -Connecting Success(连接成功)
2024-10-28 09:19:23,566 INFO  HandleWebsocketPackage:79 -服务器验证信息返回:{"code":0}
2024-10-28 09:19:27,763 INFO  CurrencyTools:412 -用户cookie装载成功
2024-10-28 09:19:27,991 INFO  HttpUserData:397 -获取本房间可发送弹幕长度+是否是管理员 成功
2024-10-28 09:19:27,994 WARN  OkHttpClient:135 -A connection to https://passport.bilibili.com/ was leaked. Did you forget to close a response body? To see where this was allocated, set the OkHttpClient logger level to FINE: Logger.getLogger(OkHttpClient.class.getName()).setLevel(Level.FINE);
2024-10-28 09:19:27,993 INFO  HttpUserData:237 -扫码登录成功
2024-10-28 09:19:28,395 INFO  HttpUserData:309 -已经登录，获取信息成功
2024-10-28 09:19:28,414 INFO  DanmujiInitService:120 -读取配置文件成功
2024-10-28 09:19:48,196 ERROR HttpOtherData:59 -java.lang.NullPointerException
2024-10-28 09:19:48,200 ERROR HttpOtherData:61 -请求服务器超时，获取最新版本失败
2024-10-28 09:29:28,902 ERROR HttpOtherData:59 -java.lang.NullPointerException
2024-10-28 09:29:28,907 ERROR HttpOtherData:61 -请求服务器超时，获取最新版本失败
2024-10-28 17:00:14,332 INFO  Websocket:58 -websocket connect close(连接已经断开)，纠错码:1000
2024-10-28 17:00:30,491 INFO  CurrencyTools:68 -获取破站弹幕服务器websocket地址：wss://broadcastlv.chat.bilibili.com:2245/sub
2024-10-28 17:00:30,737 INFO  HttpUserData:397 -获取本房间可发送弹幕长度+是否是管理员 成功
2024-10-28 17:00:30,848 INFO  Websocket:29 -已尝试连接至服务器地址:wss://broadcastlv.chat.bilibili.com:2245/sub;真实房间号为:1883353860;主播名字为:万能小兔旅店
2024-10-28 17:00:30,852 INFO  WebSocketProxy:23 -Connectin(连接中)...........................................
2024-10-28 17:00:32,056 INFO  Websocket:36 -websocket connect open(连接窗口打开)
2024-10-28 17:00:32,061 INFO  WebSocketProxy:26 -Connecting Success(连接成功)
2024-10-28 17:00:32,174 INFO  SetServiceImpl:168 -读取配置文件历史房间成功
2024-10-28 17:00:32,279 INFO  HandleWebsocketPackage:79 -服务器验证信息返回:{"code":0}
