2024-10-25 13:14:40,497 ERROR SetServiceImpl:99 -自动打开浏览器错误: 错误信息为: 
java.io.IOException: Cannot run program "xdg-open": error=2, No such file or directory
	at java.lang.ProcessBuilder.start(ProcessBuilder.java:1048) ~[?:1.8.0_342]
	at java.lang.Runtime.exec(Runtime.java:621) ~[?:1.8.0_342]
	at java.lang.Runtime.exec(Runtime.java:451) ~[?:1.8.0_342]
	at java.lang.Runtime.exec(Runtime.java:348) ~[?:1.8.0_342]
	at xyz.acproject.danmuji.service.impl.SetServiceImpl.init(SetServiceImpl.java:91) ~[classes!/:?]
	at xyz.acproject.danmuji.BiliBiliDanmujiApplication.run(BiliBiliDanmujiApplication.java:30) ~[classes!/:?]
	at org.springframework.boot.SpringApplication.callRunner(SpringApplication.java:782) ~[spring-boot-2.6.8.jar!/:2.6.8]
	at org.springframework.boot.SpringApplication.callRunners(SpringApplication.java:766) ~[spring-boot-2.6.8.jar!/:2.6.8]
	at org.springframework.boot.SpringApplication.run(SpringApplication.java:314) ~[spring-boot-2.6.8.jar!/:2.6.8]
	at org.springframework.boot.SpringApplication.run(SpringApplication.java:1317) ~[spring-boot-2.6.8.jar!/:2.6.8]
	at org.springframework.boot.SpringApplication.run(SpringApplication.java:1306) ~[spring-boot-2.6.8.jar!/:2.6.8]
	at xyz.acproject.danmuji.BiliBiliDanmujiApplication.main(BiliBiliDanmujiApplication.java:24) ~[classes!/:?]
	at sun.reflect.NativeMethodAccessorImpl.invoke0(Native Method) ~[?:1.8.0_342]
	at sun.reflect.NativeMethodAccessorImpl.invoke(NativeMethodAccessorImpl.java:62) ~[?:1.8.0_342]
	at sun.reflect.DelegatingMethodAccessorImpl.invoke(DelegatingMethodAccessorImpl.java:43) ~[?:1.8.0_342]
	at java.lang.reflect.Method.invoke(Method.java:498) ~[?:1.8.0_342]
	at org.springframework.boot.loader.MainMethodRunner.run(MainMethodRunner.java:49) ~[danmuji.jar:?]
	at org.springframework.boot.loader.Launcher.launch(Launcher.java:108) ~[danmuji.jar:?]
	at org.springframework.boot.loader.Launcher.launch(Launcher.java:58) ~[danmuji.jar:?]
	at org.springframework.boot.loader.JarLauncher.main(JarLauncher.java:88) ~[danmuji.jar:?]
Caused by: java.io.IOException: error=2, No such file or directory
	at java.lang.UNIXProcess.forkAndExec(Native Method) ~[?:1.8.0_342]
	at java.lang.UNIXProcess.<init>(UNIXProcess.java:247) ~[?:1.8.0_342]
	at java.lang.ProcessImpl.start(ProcessImpl.java:134) ~[?:1.8.0_342]
	at java.lang.ProcessBuilder.start(ProcessBuilder.java:1029) ~[?:1.8.0_342]
	... 19 more
